[  0%] Built target std_msgs_generate_messages_lisp
[  0%] Built target _robot_base_controller_generate_messages_check_deps_encoder_data
[  0%] Built target _robot_base_controller_generate_messages_check_deps_velocity_data
[  0%] Built target std_msgs_generate_messages_nodejs
[  0%] Built target std_msgs_generate_messages_py
[  0%] Built target std_msgs_generate_messages_cpp
[  0%] Built target std_msgs_generate_messages_eus
[35m[1mScanning dependencies of target robot_base_controller_generate_messages_lisp[0m
[  7%] [32mBuilding CXX object CMakeFiles/hw_interface.dir/src/hw_interface.cpp.o[0m
[ 14%] [34m[1mGenerating Lisp code from robot_base_controller/encoder_data.msg[0m
[35m[1mScanning dependencies of target robot_base_controller_generate_messages_py[0m
[ 21%] [34m[1mGenerating Python from MSG robot_base_controller/encoder_data[0m
[ 28%] [34m[1mGenerating Lisp code from robot_base_controller/velocity_data.msg[0m
[ 28%] Built target robot_base_controller_generate_messages_lisp
[ 35%] [34m[1mGenerating Python from MSG robot_base_controller/velocity_data[0m
[35m[1mScanning dependencies of target robot_base_controller_generate_messages_nodejs[0m
[ 42%] [34m[1mGenerating Javascript code from robot_base_controller/encoder_data.msg[0m
[ 50%] [34m[1mGenerating Javascript code from robot_base_controller/velocity_data.msg[0m
[ 57%] [34m[1mGenerating Python msg __init__.py for robot_base_controller[0m
[ 57%] Built target robot_base_controller_generate_messages_nodejs
[35m[1mScanning dependencies of target robot_base_controller_generate_messages_eus[0m
[ 64%] [34m[1mGenerating EusLisp code from robot_base_controller/velocity_data.msg[0m
[ 71%] [34m[1mGenerating EusLisp code from robot_base_controller/encoder_data.msg[0m
In file included from [01m[K/home/jetsonorin/Documents/Work_2025/jetson/robot_ws/src/robot_base_controller/src/hw_interface.cpp:1[m[K:
[01m[K/home/jetsonorin/Documents/Work_2025/jetson/robot_ws/src/robot_base_controller/include/hw_interface.hpp:6:10:[m[K [01;31m[Kfatal error: [m[Krobot_base_controller/velocity_data.h: No such file or directory
    6 | #include [01;31m[K"robot_base_controller/velocity_data.h"[m[K
      |          [01;31m[K^~~~~~~~~~~~~~~~~~~~~~~~~~~~~~~~~~~~~~~[m[K
[ 78%] [34m[1mGenerating EusLisp manifest code for robot_base_controller[0m
compilation terminated.
make[2]: *** [CMakeFiles/hw_interface.dir/build.make:63: CMakeFiles/hw_interface.dir/src/hw_interface.cpp.o] Error 1
make[1]: *** [CMakeFiles/Makefile2:950: CMakeFiles/hw_interface.dir/all] Error 2
make[1]: *** Waiting for unfinished jobs....
[35m[1mScanning dependencies of target robot_base_controller_generate_messages_cpp[0m
[ 78%] Built target robot_base_controller_generate_messages_py
[ 85%] [34m[1mGenerating C++ code from robot_base_controller/encoder_data.msg[0m
[ 92%] [34m[1mGenerating C++ code from robot_base_controller/velocity_data.msg[0m
WARNING: Package name "optic_flow_px4_NRA_bridge" does not follow the naming conventions. It should start with a lower case letter and only contain lower case letters, digits, underscores, and dashes.
[ 92%] Built target robot_base_controller_generate_messages_cpp
WARNING: Package name "optic_flow_px4_NRA_bridge" does not follow the naming conventions. It should start with a lower case letter and only contain lower case letters, digits, underscores, and dashes.
[ 92%] Built target robot_base_controller_generate_messages_eus
make: *** [Makefile:141: all] Error 2
