[35m[1mScanning dependencies of target std_msgs_generate_messages_lisp[0m
[  0%] Built target std_msgs_generate_messages_lisp
[35m[1mScanning dependencies of target _robot_base_controller_generate_messages_check_deps_encoder_data[0m
[  0%] Built target _robot_base_controller_generate_messages_check_deps_encoder_data
[35m[1mScanning dependencies of target _robot_base_controller_generate_messages_check_deps_velocity_data[0m
[  0%] Built target _robot_base_controller_generate_messages_check_deps_velocity_data
[35m[1mScanning dependencies of target std_msgs_generate_messages_py[0m
[  0%] Built target std_msgs_generate_messages_py
[35m[1mScanning dependencies of target std_msgs_generate_messages_nodejs[0m
[  0%] Built target std_msgs_generate_messages_nodejs
[35m[1mScanning dependencies of target std_msgs_generate_messages_eus[0m
[  0%] Built target std_msgs_generate_messages_eus
[35m[1mScanning dependencies of target std_msgs_generate_messages_cpp[0m
[35m[1mScanning dependencies of target hw_interface[0m
[  7%] [32mBuilding CXX object CMakeFiles/hw_interface.dir/src/hw_interface.cpp.o[0m
[  7%] Built target std_msgs_generate_messages_cpp
[35m[1mScanning dependencies of target robot_base_controller_generate_messages_lisp[0m
[ 14%] [34m[1mGenerating Lisp code from robot_base_controller/encoder_data.msg[0m
[ 21%] [34m[1mGenerating Lisp code from robot_base_controller/velocity_data.msg[0m
[ 21%] Built target robot_base_controller_generate_messages_lisp
[35m[1mScanning dependencies of target robot_base_controller_generate_messages_py[0m
[ 28%] [34m[1mGenerating Python from MSG robot_base_controller/encoder_data[0m
[ 35%] [34m[1mGenerating Python from MSG robot_base_controller/velocity_data[0m
In file included from [01m[K/home/rmajetson/Work_2025/jetson/robot_ws/src/robot_base_controller/src/hw_interface.cpp:1[m[K:
[01m[K/home/rmajetson/Work_2025/jetson/robot_ws/src/robot_base_controller/include/hw_interface.hpp:6:10:[m[K [01;31m[Kfatal error: [m[Krobot_base_controller/velocity_data.h: No such file or directory
    6 | #include [01;31m[K"robot_base_controller/velocity_data.h"[m[K
      |          [01;31m[K^~~~~~~~~~~~~~~~~~~~~~~~~~~~~~~~~~~~~~~[m[K
compilation terminated.
make[2]: *** [CMakeFiles/hw_interface.dir/build.make:63: CMakeFiles/hw_interface.dir/src/hw_interface.cpp.o] Error 1
make[1]: *** [CMakeFiles/Makefile2:950: CMakeFiles/hw_interface.dir/all] Error 2
make[1]: *** Waiting for unfinished jobs....
[ 42%] [34m[1mGenerating Python msg __init__.py for robot_base_controller[0m
[ 42%] Built target robot_base_controller_generate_messages_py
make: *** [Makefile:141: all] Error 2
